  hotel.c
C:\Users\ddddddd\Desktop\c örnek\hotel rezervasyon\hotel rezervasyon\hotel.c(15,2): warning C4996: 'scanf': This function or variable may be unsafe. Consider using scanf_s instead. To disable deprecation, use _CRT_SECURE_NO_WARNINGS. See online help for details.
C:\Users\ddddddd\Desktop\c örnek\hotel rezervasyon\hotel rezervasyon\hotel.c(97,2): warning C4033: 'odanotercihen' bir değer döndürmelidir
C:\Users\ddddddd\Desktop\c örnek\hotel rezervasyon\hotel rezervasyon\hotel.c(22,2): warning C4996: 'scanf': This function or variable may be unsafe. Consider using scanf_s instead. To disable deprecation, use _CRT_SECURE_NO_WARNINGS. See online help for details.
C:\Users\ddddddd\Desktop\c örnek\hotel rezervasyon\hotel rezervasyon\hotel.c(29,4): warning C4996: 'scanf': This function or variable may be unsafe. Consider using scanf_s instead. To disable deprecation, use _CRT_SECURE_NO_WARNINGS. See online help for details.
C:\Users\ddddddd\Desktop\c örnek\hotel rezervasyon\hotel rezervasyon\hotel.c(42,4): warning C4996: 'scanf': This function or variable may be unsafe. Consider using scanf_s instead. To disable deprecation, use _CRT_SECURE_NO_WARNINGS. See online help for details.
C:\Users\ddddddd\Desktop\c örnek\hotel rezervasyon\hotel rezervasyon\hotel.c(55,4): warning C4996: 'scanf': This function or variable may be unsafe. Consider using scanf_s instead. To disable deprecation, use _CRT_SECURE_NO_WARNINGS. See online help for details.
C:\Users\ddddddd\Desktop\c örnek\hotel rezervasyon\hotel rezervasyon\hotel.c(68,4): warning C4996: 'scanf': This function or variable may be unsafe. Consider using scanf_s instead. To disable deprecation, use _CRT_SECURE_NO_WARNINGS. See online help for details.
C:\Users\ddddddd\Desktop\c örnek\hotel rezervasyon\hotel rezervasyon\hotel.c(81,4): warning C4996: 'scanf': This function or variable may be unsafe. Consider using scanf_s instead. To disable deprecation, use _CRT_SECURE_NO_WARNINGS. See online help for details.
C:\Users\ddddddd\Desktop\c örnek\hotel rezervasyon\hotel rezervasyon\hotel.c(108,2): warning C4996: 'scanf': This function or variable may be unsafe. Consider using scanf_s instead. To disable deprecation, use _CRT_SECURE_NO_WARNINGS. See online help for details.
C:\Users\ddddddd\Desktop\c örnek\hotel rezervasyon\hotel rezervasyon\hotel.c(114,16): warning C4244: 'başlatılıyor': 'time_t' - 'int' dönüşümü; veri kaybı olabilir
C:\Users\ddddddd\Desktop\c örnek\hotel rezervasyon\hotel rezervasyon\hotel.c(142,4): warning C4996: 'scanf': This function or variable may be unsafe. Consider using scanf_s instead. To disable deprecation, use _CRT_SECURE_NO_WARNINGS. See online help for details.
C:\Users\ddddddd\Desktop\c örnek\hotel rezervasyon\hotel rezervasyon\hotel.c(147,4): warning C4996: 'scanf': This function or variable may be unsafe. Consider using scanf_s instead. To disable deprecation, use _CRT_SECURE_NO_WARNINGS. See online help for details.
C:\Users\ddddddd\Desktop\c örnek\hotel rezervasyon\hotel rezervasyon\hotel.c(152,4): warning C4996: 'scanf': This function or variable may be unsafe. Consider using scanf_s instead. To disable deprecation, use _CRT_SECURE_NO_WARNINGS. See online help for details.
C:\Users\ddddddd\Desktop\c örnek\hotel rezervasyon\hotel rezervasyon\hotel.c(157,4): warning C4996: 'scanf': This function or variable may be unsafe. Consider using scanf_s instead. To disable deprecation, use _CRT_SECURE_NO_WARNINGS. See online help for details.
C:\Users\ddddddd\Desktop\c örnek\hotel rezervasyon\hotel rezervasyon\hotel.c(162,4): warning C4996: 'scanf': This function or variable may be unsafe. Consider using scanf_s instead. To disable deprecation, use _CRT_SECURE_NO_WARNINGS. See online help for details.
C:\Users\ddddddd\Desktop\c örnek\hotel rezervasyon\hotel rezervasyon\hotel.c(175,3): warning C4996: 'scanf': This function or variable may be unsafe. Consider using scanf_s instead. To disable deprecation, use _CRT_SECURE_NO_WARNINGS. See online help for details.
C:\Users\ddddddd\Desktop\c örnek\hotel rezervasyon\hotel rezervasyon\hotel.c(177,3): warning C4996: 'scanf': This function or variable may be unsafe. Consider using scanf_s instead. To disable deprecation, use _CRT_SECURE_NO_WARNINGS. See online help for details.
C:\Users\ddddddd\Desktop\c örnek\hotel rezervasyon\hotel rezervasyon\hotel.c(125,25): warning C4101: 'i': yerel değişken başvurusu kaldırıldı
C:\Users\ddddddd\Desktop\c örnek\hotel rezervasyon\hotel rezervasyon\hotel.c(98): warning C4715: 'odanotercihen': tüm denetim yolları değer döndürmez
C:\Users\ddddddd\Desktop\c örnek\hotel rezervasyon\hotel rezervasyon\hotel.c(122): warning C4716: 'tarih' : bir değer döndürmelidir
  hotel rezervasyon.vcxproj -> C:\Users\ddddddd\Desktop\c örnek\hotel rezervasyon\x64\Debug\hotel rezervasyon.exe
